"../../../Engine/Content/Tutorial/ContentIntroCurve.uasset" 0
"../../../Engine/Content/Tutorial/ContentIntroCurve.uexp" 1
"../../../Engine/Content/MobileResources/HUD/VirtualJoystick_Background.uasset" 2
"../../../Engine/Content/MobileResources/HUD/VirtualJoystick_Background.uexp" 3
"../../../Engine/Content/MobileResources/HUD/VirtualJoystick_Thumb.uasset" 4
"../../../Engine/Content/MobileResources/HUD/VirtualJoystick_Thumb.uexp" 5
"../../../Engine/Content/MobileResources/HUD/DefaultVirtualJoysticks.uasset" 6
"../../../Engine/Content/MobileResources/HUD/DefaultVirtualJoysticks.uexp" 7
"../../../Engine/Content/Functions/Engine_MaterialFunctions01/Shading/PowerToRoughness.uasset" 8
"../../../Engine/Content/Functions/Engine_MaterialFunctions01/Shading/PowerToRoughness.uexp" 9
"../../../Engine/Content/Functions/Engine_MaterialFunctions01/Shading/ConvertFromDiffSpec.uasset" 10
"../../../Engine/Content/Functions/Engine_MaterialFunctions01/Shading/ConvertFromDiffSpec.uexp" 11
"../../../Engine/Content/EngineSounds/Master.uasset" 12
"../../../Engine/Content/EngineSounds/Master.uexp" 13
"../../../Engine/Content/EngineSky/VolumetricClouds/CloudWeatherTexture.uasset" 14
"../../../Engine/Content/EngineSky/VolumetricClouds/CloudWeatherTexture.uexp" 15
"../../../Engine/Content/Functions/Engine_MaterialFunctions02/Utility/MakeFloat2.uasset" 16
"../../../Engine/Content/Functions/Engine_MaterialFunctions02/Utility/MakeFloat2.uexp" 17
"../../../Engine/Content/EngineSky/VolumetricClouds/CloudGradientTexture.uasset" 18
"../../../Engine/Content/EngineSky/VolumetricClouds/CloudGradientTexture.uexp" 19
"../../../Engine/Content/EngineSky/VolumetricClouds/T_NoiseShape64.ubulk" 20
"../../../Engine/Content/EngineSky/VolumetricClouds/T_NoiseShape64.uasset" 21
"../../../Engine/Content/EngineSky/VolumetricClouds/T_NoiseShape64.uexp" 22
"../../../Engine/Content/EngineSky/VolumetricClouds/T_VolumeNoiseShape64.uasset" 23
"../../../Engine/Content/EngineSky/VolumetricClouds/T_VolumeNoiseShape64.uexp" 24
"../../../Engine/Content/EngineSky/VolumetricClouds/T_NoiseErosion.ubulk" 25
"../../../Engine/Content/EngineSky/VolumetricClouds/T_NoiseErosion.uasset" 26
"../../../Engine/Content/EngineSky/VolumetricClouds/T_NoiseErosion.uexp" 27
"../../../Engine/Content/EngineSky/VolumetricClouds/T_VolumeNoiseErosion32.uasset" 28
"../../../Engine/Content/EngineSky/VolumetricClouds/T_VolumeNoiseErosion32.uexp" 29
"../../../Engine/Content/EngineSky/VolumetricClouds/m_SimpleVolumetricCloud.uasset" 30
"../../../Engine/Content/EngineSky/VolumetricClouds/m_SimpleVolumetricCloud.uexp" 31
"../../../Engine/Content/EngineSky/VolumetricClouds/m_SimpleVolumetricCloud_Inst.uasset" 32
"../../../Engine/Content/EngineSky/VolumetricClouds/m_SimpleVolumetricCloud_Inst.uexp" 33
"../../../Engine/Content/EngineResources/GradientTexture0.uasset" 34
"../../../Engine/Content/EngineResources/GradientTexture0.uexp" 35
"../../../Engine/Content/EngineResources/DefaultVolumeTexture2D.uasset" 36
"../../../Engine/Content/EngineResources/DefaultVolumeTexture2D.uexp" 37
"../../../Engine/Content/EngineResources/DefaultVolumeTexture.uasset" 38
"../../../Engine/Content/EngineResources/DefaultVolumeTexture.uexp" 39
"../../../Engine/Content/EngineResources/DefaultTextureCube.uasset" 40
"../../../Engine/Content/EngineResources/DefaultTextureCube.uexp" 41
"../../../Engine/Content/EngineResources/DefaultTexture.ubulk" 42
"../../../Engine/Content/EngineResources/DefaultTexture.uasset" 43
"../../../Engine/Content/EngineResources/DefaultTexture.uexp" 44
"../../../Engine/Content/EngineResources/Black.uasset" 45
"../../../Engine/Content/EngineResources/Black.uexp" 46
"../../../Engine/Content/EngineResources/FilmGrains/Marcie_Grain_v3_128_M2_000.uasset" 47
"../../../Engine/Content/EngineResources/FilmGrains/Marcie_Grain_v3_128_M2_000.uexp" 48
"../../../Engine/Content/EngineMeshes/Sphere.ubulk" 49
"../../../Engine/Content/EngineMeshes/Sphere.uasset" 50
"../../../Engine/Content/EngineMeshes/Sphere.uexp" 51
"../../../Engine/Content/EngineResources/WhiteSquareTexture.uasset" 52
"../../../Engine/Content/EngineResources/WhiteSquareTexture.uexp" 53
"../../../Engine/Content/EngineMaterials/Widget3DPassThrough.uasset" 54
"../../../Engine/Content/EngineMaterials/Widget3DPassThrough.uexp" 55
"../../../Engine/Content/EngineMaterials/Widget3DPassThrough_Translucent.uasset" 56
"../../../Engine/Content/EngineMaterials/Widget3DPassThrough_Translucent.uexp" 57
"../../../Engine/Content/EngineMaterials/Widget3DPassThrough_Translucent_OneSided.uasset" 58
"../../../Engine/Content/EngineMaterials/Widget3DPassThrough_Translucent_OneSided.uexp" 59
"../../../Engine/Content/EngineMaterials/Widget3DPassThrough_Opaque.uasset" 60
"../../../Engine/Content/EngineMaterials/Widget3DPassThrough_Opaque.uexp" 61
"../../../Engine/Content/EngineMaterials/Widget3DPassThrough_Opaque_OneSided.uasset" 62
"../../../Engine/Content/EngineMaterials/Widget3DPassThrough_Opaque_OneSided.uexp" 63
"../../../Engine/Content/EngineMaterials/Widget3DPassThrough_Masked_OneSided.uasset" 64
"../../../Engine/Content/EngineMaterials/Widget3DPassThrough_Masked_OneSided.uexp" 65
"../../../Engine/Content/EngineMaterials/Widget3DPassThrough_Masked.uasset" 66
"../../../Engine/Content/EngineMaterials/Widget3DPassThrough_Masked.uexp" 67
"../../../Engine/Content/EngineMaterials/WeightMapPlaceholderTexture.uasset" 68
"../../../Engine/Content/EngineMaterials/WeightMapPlaceholderTexture.uexp" 69
"../../../Engine/Content/EngineMaterials/RemoveSurfaceMaterial.uasset" 70
"../../../Engine/Content/EngineMaterials/RemoveSurfaceMaterial.uexp" 71
"../../../Engine/Content/EngineMaterials/PreintegratedSkinBRDF.uasset" 72
"../../../Engine/Content/EngineMaterials/PreintegratedSkinBRDF.uexp" 73
"../../../Engine/Content/VREditor/TransformGizmo/Main.uasset" 74
"../../../Engine/Content/VREditor/TransformGizmo/Main.uexp" 75
"../../../Engine/Content/VREditor/TransformGizmo/Xray.uasset" 76
"../../../Engine/Content/VREditor/TransformGizmo/Xray.uexp" 77
"../../../Engine/Content/VREditor/TransformGizmo/SM_Sequencer_Node.ubulk" 78
"../../../Engine/Content/VREditor/TransformGizmo/SM_Sequencer_Node.uasset" 79
"../../../Engine/Content/VREditor/TransformGizmo/SM_Sequencer_Node.uexp" 80
"../../../Engine/Content/VREditor/LaserPointer/VR_LaserPower_01.ubulk" 81
"../../../Engine/Content/VREditor/LaserPointer/VR_LaserPower_01.uasset" 82
"../../../Engine/Content/VREditor/LaserPointer/VR_LaserPower_01.uexp" 83
"../../../Engine/Content/VREditor/TransformGizmo/TransformGizmoMaterial.uasset" 84
"../../../Engine/Content/VREditor/TransformGizmo/TransformGizmoMaterial.uexp" 85
"../../../Engine/Content/VREditor/TransformGizmo/TranslucentTransformGizmoMaterial.uasset" 86
"../../../Engine/Content/VREditor/TransformGizmo/TranslucentTransformGizmoMaterial.uexp" 87
"../../../Engine/Content/VREditor/TransformGizmo/PlaneTranslationHandle.ubulk" 88
"../../../Engine/Content/VREditor/TransformGizmo/PlaneTranslationHandle.uasset" 89
"../../../Engine/Content/VREditor/TransformGizmo/PlaneTranslationHandle.uexp" 90
"../../../Engine/Content/VREditor/TransformGizmo/BoundingBoxEdge.ubulk" 91
"../../../Engine/Content/VREditor/TransformGizmo/BoundingBoxEdge.uasset" 92
"../../../Engine/Content/VREditor/TransformGizmo/BoundingBoxEdge.uexp" 93
"../../../Engine/Content/VREditor/TransformGizmo/BoundingBoxCorner.ubulk" 94
"../../../Engine/Content/VREditor/TransformGizmo/BoundingBoxCorner.uasset" 95
"../../../Engine/Content/VREditor/TransformGizmo/BoundingBoxCorner.uexp" 96
"../../../Engine/Content/EngineMaterials/DefaultCalibrationGrayscale.uasset" 97
"../../../Engine/Content/EngineMaterials/DefaultCalibrationGrayscale.uexp" 98
"../../../Engine/Content/EngineMaterials/PPM_DefaultCalibrationGrayscale.uasset" 99
"../../../Engine/Content/EngineMaterials/PPM_DefaultCalibrationGrayscale.uexp" 100
"../../../Engine/Content/EngineMaterials/DefaultCalibrationColor.uasset" 101
"../../../Engine/Content/EngineMaterials/DefaultCalibrationColor.uexp" 102
"../../../Engine/Content/EngineMaterials/PPM_DefaultCalibrationColor.uasset" 103
"../../../Engine/Content/EngineMaterials/PPM_DefaultCalibrationColor.uexp" 104
"../../../Engine/Content/Functions/Engine_MaterialFunctions02/WorldPositionOffset/CameraOffset.uasset" 105
"../../../Engine/Content/Functions/Engine_MaterialFunctions02/WorldPositionOffset/CameraOffset.uexp" 106
"../../../Engine/Content/EngineMaterials/PhAT_JointLimitMaterial.uasset" 107
"../../../Engine/Content/EngineMaterials/PhAT_JointLimitMaterial.uexp" 108
"../../../Engine/Content/EngineMaterials/InvalidLightmapSettings.ubulk" 109
"../../../Engine/Content/EngineMaterials/InvalidLightmapSettings.uasset" 110
"../../../Engine/Content/EngineMaterials/InvalidLightmapSettings.uexp" 111
"../../../Engine/Content/EngineMaterials/M_InvalidLightmapSettings.uasset" 112
"../../../Engine/Content/EngineMaterials/M_InvalidLightmapSettings.uexp" 113
"../../../Engine/Content/EngineMaterials/MiniFont.uasset" 114
"../../../Engine/Content/EngineMaterials/MiniFont.uexp" 115
"../../../Engine/Content/EngineMaterials/Good64x64TilingNoiseHighFreq.uasset" 116
"../../../Engine/Content/EngineMaterials/Good64x64TilingNoiseHighFreq.uexp" 117
"../../../Engine/Content/EngineMaterials/GizmoMaterial.uasset" 118
"../../../Engine/Content/EngineMaterials/GizmoMaterial.uexp" 119
"../../../Engine/Content/EngineMaterials/BaseFlattenEmissiveMap_VT.uasset" 120
"../../../Engine/Content/EngineMaterials/BaseFlattenEmissiveMap_VT.uexp" 121
"../../../Engine/Content/EngineMaterials/BaseFlattenGrayscaleMap_VT.uasset" 122
"../../../Engine/Content/EngineMaterials/BaseFlattenGrayscaleMap_VT.uexp" 123
"../../../Engine/Content/EngineMaterials/BaseFlattenLinearColor_VT.uasset" 124
"../../../Engine/Content/EngineMaterials/BaseFlattenLinearColor_VT.uexp" 125
"../../../Engine/Content/EngineMaterials/Black_1x1_EXR_Texture_VT.uasset" 126
"../../../Engine/Content/EngineMaterials/Black_1x1_EXR_Texture_VT.uexp" 127
"../../../Engine/Content/EngineMaterials/BaseFlattenDiffuseMap_VT.uasset" 128
"../../../Engine/Content/EngineMaterials/BaseFlattenDiffuseMap_VT.uexp" 129
"../../../Engine/Content/EngineMaterials/BaseFlattenNormalMap_VT.uasset" 130
"../../../Engine/Content/EngineMaterials/BaseFlattenNormalMap_VT.uexp" 131
"../../../Engine/Content/EngineMaterials/FlattenMaterial_WS_Normal_VT.uasset" 132
"../../../Engine/Content/EngineMaterials/FlattenMaterial_WS_Normal_VT.uexp" 133
"../../../Engine/Content/EngineMaterials/FlattenMaterial_VT.uasset" 134
"../../../Engine/Content/EngineMaterials/FlattenMaterial_VT.uexp" 135
"../../../Engine/Content/EngineMaterials/BaseFlattenNormalMap.uasset" 136
"../../../Engine/Content/EngineMaterials/BaseFlattenNormalMap.uexp" 137
"../../../Engine/Content/EngineMaterials/BaseFlattenGrayscaleMap.uasset" 138
"../../../Engine/Content/EngineMaterials/BaseFlattenGrayscaleMap.uexp" 139
"../../../Engine/Content/EngineMaterials/BaseFlattenDiffuseMap.uasset" 140
"../../../Engine/Content/EngineMaterials/BaseFlattenDiffuseMap.uexp" 141
"../../../Engine/Content/Functions/Engine_MaterialFunctions02/PivotPainter2/Black_1x1_EXR_Texture.uasset" 142
"../../../Engine/Content/Functions/Engine_MaterialFunctions02/PivotPainter2/Black_1x1_EXR_Texture.uexp" 143
"../../../Engine/Content/EngineMaterials/BaseFlattenEmissiveMap.uasset" 144
"../../../Engine/Content/EngineMaterials/BaseFlattenEmissiveMap.uexp" 145
"../../../Engine/Content/EngineMaterials/BaseFlattenLinearColor.uasset" 146
"../../../Engine/Content/EngineMaterials/BaseFlattenLinearColor.uexp" 147
"../../../Engine/Content/EngineMaterials/FlattenMaterial.uasset" 148
"../../../Engine/Content/EngineMaterials/FlattenMaterial.uexp" 149
"../../../Engine/Content/EngineMaterials/DefaultWhiteGrid_Low.uasset" 150
"../../../Engine/Content/EngineMaterials/DefaultWhiteGrid_Low.uexp" 151
"../../../Engine/Content/EngineMaterials/EmissiveMeshMaterial.uasset" 152
"../../../Engine/Content/EngineMaterials/EmissiveMeshMaterial.uexp" 153
"../../../Engine/Content/EngineMaterials/DefaultWhiteGrid.ubulk" 154
"../../../Engine/Content/EngineMaterials/DefaultWhiteGrid.uasset" 155
"../../../Engine/Content/EngineMaterials/DefaultWhiteGrid.uexp" 156
"../../../Engine/Content/EngineFonts/RobotoDistanceField.uasset" 157
"../../../Engine/Content/EngineFonts/RobotoDistanceField.uexp" 158
"../../../Engine/Content/EngineMaterials/DefaultTextMaterialOpaque.uasset" 159
"../../../Engine/Content/EngineMaterials/DefaultTextMaterialOpaque.uexp" 160
"../../../Engine/Content/EngineMaterials/DefaultDiffuse.ubulk" 161
"../../../Engine/Content/EngineMaterials/DefaultDiffuse.uasset" 162
"../../../Engine/Content/EngineMaterials/DefaultDiffuse.uexp" 163
"../../../Engine/Content/Functions/Engine_MaterialFunctions02/Utility/BreakOutFloat2Components.uasset" 164
"../../../Engine/Content/Functions/Engine_MaterialFunctions02/Utility/BreakOutFloat2Components.uexp" 165
"../../../Engine/Content/EngineMaterials/DefaultPostProcessMaterial.uasset" 166
"../../../Engine/Content/EngineMaterials/DefaultPostProcessMaterial.uexp" 167
"../../../Engine/Content/EngineMaterials/DefaultPhysicalMaterial.uasset" 168
"../../../Engine/Content/EngineMaterials/DefaultPhysicalMaterial.uexp" 169
"../../../Engine/Content/EngineMaterials/DefaultLightFunctionMaterial.uasset" 170
"../../../Engine/Content/EngineMaterials/DefaultLightFunctionMaterial.uexp" 171
"../../../Engine/Content/EngineMaterials/DefaultDestructiblePhysicalMaterial.uasset" 172
"../../../Engine/Content/EngineMaterials/DefaultDestructiblePhysicalMaterial.uexp" 173
"../../../Engine/Content/EngineMaterials/DefaultDeferredDecalMaterial.uasset" 174
"../../../Engine/Content/EngineMaterials/DefaultDeferredDecalMaterial.uexp" 175
"../../../Engine/Content/EngineMaterials/DefaultBokeh.uasset" 176
"../../../Engine/Content/EngineMaterials/DefaultBokeh.uexp" 177
"../../../Engine/Content/EngineMaterials/DefaultBloomKernel.uasset" 178
"../../../Engine/Content/EngineMaterials/DefaultBloomKernel.uexp" 179
"../../../Engine/Content/EngineMaterials/BlueNoise.uasset" 180
"../../../Engine/Content/EngineMaterials/BlueNoise.uexp" 181
"../../../Engine/Content/EngineFonts/Faces/RobotoLight.uexp" 182
"../../../Engine/Content/EngineFonts/Faces/RobotoLight.uasset" 183
"../../../Engine/Content/EngineFonts/Faces/RobotoLight.ufont" 184
"../../../Engine/Content/EngineFonts/Faces/RobotoBold.uexp" 185
"../../../Engine/Content/EngineFonts/Faces/RobotoBold.uasset" 186
"../../../Engine/Content/EngineFonts/Faces/RobotoBold.ufont" 187
"../../../Engine/Content/EngineFonts/Faces/RobotoRegular.uexp" 188
"../../../Engine/Content/EngineFonts/Faces/RobotoRegular.uasset" 189
"../../../Engine/Content/EngineFonts/Faces/RobotoRegular.ufont" 190
"../../../Engine/Content/EngineFonts/Faces/DroidSansFallback.uexp" 191
"../../../Engine/Content/EngineFonts/Faces/DroidSansFallback.uasset" 192
"../../../Engine/Content/EngineFonts/Faces/DroidSansFallback.ufont" 193
"../../../Engine/Content/EngineFonts/Faces/RobotoItalic.uexp" 194
"../../../Engine/Content/EngineFonts/Faces/RobotoItalic.uasset" 195
"../../../Engine/Content/EngineFonts/Faces/RobotoItalic.ufont" 196
"../../../Engine/Content/EngineFonts/Faces/RobotoBoldItalic.uexp" 197
"../../../Engine/Content/EngineFonts/Faces/RobotoBoldItalic.uasset" 198
"../../../Engine/Content/EngineFonts/Faces/RobotoBoldItalic.ufont" 199
"../../../Engine/Content/EngineFonts/Roboto.uasset" 200
"../../../Engine/Content/EngineFonts/Roboto.uexp" 201
"../../../Engine/Content/Functions/Engine_MaterialFunctions02/Utility/CameraDirectionVector.uasset" 202
"../../../Engine/Content/Functions/Engine_MaterialFunctions02/Utility/CameraDirectionVector.uexp" 203
"../../../Engine/Content/EngineDebugMaterials/VolumeToRender.uasset" 204
"../../../Engine/Content/EngineDebugMaterials/VolumeToRender.uexp" 205
"../../../Engine/Content/EngineDebugMaterials/M_VolumeRenderSphereTracePP.uasset" 206
"../../../Engine/Content/EngineDebugMaterials/M_VolumeRenderSphereTracePP.uexp" 207
"../../../Engine/Content/EngineDebugMaterials/M_SimpleUnlitTranslucent.uasset" 208
"../../../Engine/Content/EngineDebugMaterials/M_SimpleUnlitTranslucent.uexp" 209
"../../../Engine/Content/EngineDebugMaterials/DebugMeshMaterial.uasset" 210
"../../../Engine/Content/EngineDebugMaterials/DebugMeshMaterial.uexp" 211
"../../../Engine/Content/EngineDebugMaterials/DebugEditorMaterial.uasset" 212
"../../../Engine/Content/EngineDebugMaterials/DebugEditorMaterial.uexp" 213
"../../../Engine/Content/EngineDamageTypes/DmgTypeBP_Environmental.uasset" 214
"../../../Engine/Content/EngineDamageTypes/DmgTypeBP_Environmental.uexp" 215
"../../../Engine/Content/EditorResources/S_TriggerSphere.uasset" 216
"../../../Engine/Content/EditorResources/S_TriggerSphere.uexp" 217
"../../../Engine/Content/EditorResources/S_TriggerCapsule.uasset" 218
"../../../Engine/Content/EditorResources/S_TriggerCapsule.uexp" 219
"../../../Engine/Content/EditorResources/S_TriggerBox.uasset" 220
"../../../Engine/Content/EditorResources/S_TriggerBox.uexp" 221
"../../../Engine/Content/EditorResources/S_Trigger.ubulk" 222
"../../../Engine/Content/EditorResources/S_Trigger.uasset" 223
"../../../Engine/Content/EditorResources/S_Trigger.uexp" 224
"../../../Engine/Content/EditorResources/S_Terrain.ubulk" 225
"../../../Engine/Content/EditorResources/S_Terrain.uasset" 226
"../../../Engine/Content/EditorResources/S_Terrain.uexp" 227
"../../../Engine/Content/EditorResources/S_Solver.ubulk" 228
"../../../Engine/Content/EditorResources/S_Solver.uasset" 229
"../../../Engine/Content/EditorResources/S_Solver.uexp" 230
"../../../Engine/Content/EditorResources/S_BoxReflectionCapture.uasset" 231
"../../../Engine/Content/EditorResources/S_BoxReflectionCapture.uexp" 232
"../../../Engine/Content/EditorResources/S_Actor.ubulk" 233
"../../../Engine/Content/EditorResources/S_Actor.uasset" 234
"../../../Engine/Content/EditorResources/S_Actor.uexp" 235
"../../../Engine/Content/EditorResources/EmptyActor.uasset" 236
"../../../Engine/Content/EditorResources/EmptyActor.uexp" 237
"../../../Engine/Content/EditorResources/BSPVertex.uasset" 238
"../../../Engine/Content/EditorResources/BSPVertex.uexp" 239
"../../../Engine/Content/EditorResources/SequenceRecorder/RecordingIndicator.uasset" 240
"../../../Engine/Content/EditorResources/SequenceRecorder/RecordingIndicator.uexp" 241
"../../../Engine/Content/EditorResources/SequenceRecorder/Countdown.uasset" 242
"../../../Engine/Content/EditorResources/SequenceRecorder/Countdown.uexp" 243
"../../../Engine/Content/EditorMaterials/Camera/CineMat.uasset" 244
"../../../Engine/Content/EditorMaterials/Camera/CineMat.uexp" 245
"../../../Engine/Content/EditorMaterials/Camera/MI_CineMat_Rig.uasset" 246
"../../../Engine/Content/EditorMaterials/Camera/MI_CineMat_Rig.uexp" 247
"../../../Engine/Content/EditorMeshes/Camera/SM_RailRig_Track.ubulk" 248
"../../../Engine/Content/EditorMeshes/Camera/SM_RailRig_Track.uasset" 249
"../../../Engine/Content/EditorMeshes/Camera/SM_RailRig_Track.uexp" 250
"../../../Engine/Content/EditorMeshes/Camera/SM_RailRig_Mount.ubulk" 251
"../../../Engine/Content/EditorMeshes/Camera/SM_RailRig_Mount.uasset" 252
"../../../Engine/Content/EditorMeshes/Camera/SM_RailRig_Mount.uexp" 253
"../../../Engine/Content/EditorMeshes/Camera/SM_CraneRig_Mount.ubulk" 254
"../../../Engine/Content/EditorMeshes/Camera/SM_CraneRig_Mount.uasset" 255
"../../../Engine/Content/EditorMeshes/Camera/SM_CraneRig_Mount.uexp" 256
"../../../Engine/Content/EditorMeshes/Camera/SM_CraneRig_Body.ubulk" 257
"../../../Engine/Content/EditorMeshes/Camera/SM_CraneRig_Body.uasset" 258
"../../../Engine/Content/EditorMeshes/Camera/SM_CraneRig_Body.uexp" 259
"../../../Engine/Content/EditorMeshes/Camera/SM_CraneRig_Base.ubulk" 260
"../../../Engine/Content/EditorMeshes/Camera/SM_CraneRig_Base.uasset" 261
"../../../Engine/Content/EditorMeshes/Camera/SM_CraneRig_Base.uexp" 262
"../../../Engine/Content/EditorMeshes/Camera/SM_CraneRig_Arm.ubulk" 263
"../../../Engine/Content/EditorMeshes/Camera/SM_CraneRig_Arm.uasset" 264
"../../../Engine/Content/EditorMeshes/Camera/SM_CraneRig_Arm.uexp" 265
"../../../Engine/Content/EditorMaterials/PreviewShadowIndicator.ubulk" 266
"../../../Engine/Content/EditorMaterials/PreviewShadowIndicator.uasset" 267
"../../../Engine/Content/EditorMaterials/PreviewShadowIndicator.uexp" 268
"../../../Engine/Content/EditorMaterials/PreviewShadowIndicatorMaterial.uasset" 269
"../../../Engine/Content/EditorMaterials/PreviewShadowIndicatorMaterial.uexp" 270
"../../../Engine/Content/EditorMaterials/MAT_Groups_Visibility.uasset" 271
"../../../Engine/Content/EditorMaterials/MAT_Groups_Visibility.uexp" 272
"../../../Engine/Content/EditorMaterials/MAT_Groups_Toggle.uasset" 273
"../../../Engine/Content/EditorMaterials/MAT_Groups_Toggle.uexp" 274
"../../../Engine/Content/Functions/Engine_MaterialFunctions02/Utility/MakeFloat4.uasset" 275
"../../../Engine/Content/Functions/Engine_MaterialFunctions02/Utility/MakeFloat4.uexp" 276
"../../../Engine/Content/Functions/Engine_MaterialFunctions02/Utility/MakeFloat3.uasset" 277
"../../../Engine/Content/Functions/Engine_MaterialFunctions02/Utility/MakeFloat3.uexp" 278
"../../../Engine/Content/Functions/Engine_MaterialFunctions02/Utility/BreakOutFloat3Components.uasset" 279
"../../../Engine/Content/Functions/Engine_MaterialFunctions02/Utility/BreakOutFloat3Components.uexp" 280
"../../../Engine/Content/EditorMaterials/WorldPartition/WorldPartitionSpatialHashGridPreviewMaterial.uasset" 281
"../../../Engine/Content/EditorMaterials/WorldPartition/WorldPartitionSpatialHashGridPreviewMaterial.uexp" 282
"../../../Engine/Content/EditorMaterials/ParticleSystems/PSysThumbnail_OOD.ubulk" 283
"../../../Engine/Content/EditorMaterials/ParticleSystems/PSysThumbnail_OOD.uasset" 284
"../../../Engine/Content/EditorMaterials/ParticleSystems/PSysThumbnail_OOD.uexp" 285
"../../../Engine/Content/EditorMaterials/ParticleSystems/PSysThumbnail_NoImage.ubulk" 286
"../../../Engine/Content/EditorMaterials/ParticleSystems/PSysThumbnail_NoImage.uasset" 287
"../../../Engine/Content/EditorMaterials/ParticleSystems/PSysThumbnail_NoImage.uexp" 288
"../../../Engine/Content/EditorMaterials/MatineeGroups/MAT_Groups_Vector.uasset" 289
"../../../Engine/Content/EditorMaterials/MatineeGroups/MAT_Groups_Vector.uexp" 290
"../../../Engine/Content/EditorMaterials/MatineeGroups/MAT_Groups_Sound.uasset" 291
"../../../Engine/Content/EditorMaterials/MatineeGroups/MAT_Groups_Sound.uexp" 292
"../../../Engine/Content/EditorMaterials/MatineeGroups/MAT_Groups_Slomo.uasset" 293
"../../../Engine/Content/EditorMaterials/MatineeGroups/MAT_Groups_Slomo.uexp" 294
"../../../Engine/Content/EditorMaterials/MatineeGroups/MAT_Groups_Move.uasset" 295
"../../../Engine/Content/EditorMaterials/MatineeGroups/MAT_Groups_Move.uexp" 296
"../../../Engine/Content/EditorMaterials/MatineeGroups/MAT_Groups_Float.uasset" 297
"../../../Engine/Content/EditorMaterials/MatineeGroups/MAT_Groups_Float.uexp" 298
"../../../Engine/Content/EditorMaterials/MatineeGroups/MAT_Groups_Fade.uasset" 299
"../../../Engine/Content/EditorMaterials/MatineeGroups/MAT_Groups_Fade.uexp" 300
"../../../Engine/Content/EditorMaterials/MatineeGroups/MAT_Groups_Event.uasset" 301
"../../../Engine/Content/EditorMaterials/MatineeGroups/MAT_Groups_Event.uexp" 302
"../../../Engine/Content/EditorMaterials/MatineeGroups/MAT_Groups_Director.uasset" 303
"../../../Engine/Content/EditorMaterials/MatineeGroups/MAT_Groups_Director.uexp" 304
"../../../Engine/Content/EditorMaterials/MatineeGroups/MAT_Groups_AudioMaster.uasset" 305
"../../../Engine/Content/EditorMaterials/MatineeGroups/MAT_Groups_AudioMaster.uexp" 306
"../../../Engine/Content/EditorMaterials/MatineeGroups/MAT_Groups_Anim.uasset" 307
"../../../Engine/Content/EditorMaterials/MatineeGroups/MAT_Groups_Anim.uexp" 308
"../../../Engine/Content/EditorMaterials/MatineeGroups/MAT_ColorTrack.uasset" 309
"../../../Engine/Content/EditorMaterials/MatineeGroups/MAT_ColorTrack.uexp" 310
"../../../Engine/Content/EditorLandscapeResources/DefaultAlphaTexture.uasset" 311
"../../../Engine/Content/EditorLandscapeResources/DefaultAlphaTexture.uexp" 312
"../../../Engine/Content/EditorLandscapeResources/DataLayer.uasset" 313
"../../../Engine/Content/EditorLandscapeResources/DataLayer.uexp" 314
"../../../Engine/Content/EngineMaterials/T_Default_Material_Grid_M.ubulk" 315
"../../../Engine/Content/EngineMaterials/T_Default_Material_Grid_M.uasset" 316
"../../../Engine/Content/EngineMaterials/T_Default_Material_Grid_M.uexp" 317
"../../../Engine/Content/EngineMaterials/T_Default_Material_Grid_N.ubulk" 318
"../../../Engine/Content/EngineMaterials/T_Default_Material_Grid_N.uasset" 319
"../../../Engine/Content/EngineMaterials/T_Default_Material_Grid_N.uexp" 320
"../../../Engine/Content/Functions/Engine_MaterialFunctions01/Opacity/CameraDepthFade.uasset" 321
"../../../Engine/Content/Functions/Engine_MaterialFunctions01/Opacity/CameraDepthFade.uexp" 322
"../../../Engine/Content/EngineMaterials/DefaultMaterial.uasset" 323
"../../../Engine/Content/EngineMaterials/DefaultMaterial.uexp" 324
"../../../Engine/Content/BasicShapes/Sphere.ubulk" 325
"../../../Engine/Content/BasicShapes/Sphere.uasset" 326
"../../../Engine/Content/BasicShapes/Sphere.uexp" 327
"../../../Engine/Content/EngineMaterials/WorldGridMaterial.uasset" 328
"../../../Engine/Content/EngineMaterials/WorldGridMaterial.uexp" 329
"../../../Engine/Content/BasicShapes/Plane.ubulk" 330
"../../../Engine/Content/BasicShapes/Plane.uasset" 331
"../../../Engine/Content/BasicShapes/Plane.uexp" 332
"../../../Engine/Content/BasicShapes/Cylinder.ubulk" 333
"../../../Engine/Content/BasicShapes/Cylinder.uasset" 334
"../../../Engine/Content/BasicShapes/Cylinder.uexp" 335
"../../../Engine/Content/BasicShapes/Cube.ubulk" 336
"../../../Engine/Content/BasicShapes/Cube.uasset" 337
"../../../Engine/Content/BasicShapes/Cube.uexp" 338
"../../../Engine/Content/BasicShapes/Cone.ubulk" 339
"../../../Engine/Content/BasicShapes/Cone.uasset" 340
"../../../Engine/Content/BasicShapes/Cone.uexp" 341
"../../../Engine/Content/ArtTools/RenderToTexture/Meshes/S_1_Unit_Plane.ubulk" 342
"../../../Engine/Content/ArtTools/RenderToTexture/Meshes/S_1_Unit_Plane.uasset" 343
"../../../Engine/Content/ArtTools/RenderToTexture/Meshes/S_1_Unit_Plane.uexp" 344
"../../../Engine/Plugins/2D/Paper2D/Content/PlaceholderTextures/DummySpriteTexture.ubulk" 345
"../../../Engine/Plugins/2D/Paper2D/Content/PlaceholderTextures/DummySpriteTexture.uasset" 346
"../../../Engine/Plugins/2D/Paper2D/Content/PlaceholderTextures/DummySpriteTexture.uexp" 347
"../../../Engine/Plugins/2D/Paper2D/Content/DefaultSpriteMaterial.uasset" 348
"../../../Engine/Plugins/2D/Paper2D/Content/DefaultSpriteMaterial.uexp" 349
"../../../Engine/Plugins/2D/Paper2D/Content/OpaqueUnlitSpriteMaterial.uasset" 350
"../../../Engine/Plugins/2D/Paper2D/Content/OpaqueUnlitSpriteMaterial.uexp" 351
"../../../Engine/Plugins/2D/Paper2D/Content/MaskedUnlitSpriteMaterial.uasset" 352
"../../../Engine/Plugins/2D/Paper2D/Content/MaskedUnlitSpriteMaterial.uexp" 353
"../../../Engine/Plugins/2D/Paper2D/Content/DummySprite.uasset" 354
"../../../Engine/Plugins/2D/Paper2D/Content/DummySprite.uexp" 355
"../../../Engine/Plugins/2D/Paper2D/Content/DefaultPaperTerrainMaterial.uasset" 356
"../../../Engine/Plugins/2D/Paper2D/Content/DefaultPaperTerrainMaterial.uexp" 357
"../../../Engine/Plugins/Animation/ControlRig/Content/M_Manip.uasset" 358
"../../../Engine/Plugins/Animation/ControlRig/Content/M_Manip.uexp" 359
"../../../Engine/Plugins/Animation/ControlRig/Content/Controls/DefaultGizmoLibraryNormalized.uasset" 360
"../../../Engine/Plugins/Animation/ControlRig/Content/Controls/DefaultGizmoLibraryNormalized.uexp" 361
"../../../Engine/Plugins/Animation/ControlRig/Content/Controls/ControlRig_Wedge_solid.ubulk" 362
"../../../Engine/Plugins/Animation/ControlRig/Content/Controls/ControlRig_Wedge_solid.uasset" 363
"../../../Engine/Plugins/Animation/ControlRig/Content/Controls/ControlRig_Wedge_solid.uexp" 364
"../../../Engine/Plugins/Animation/ControlRig/Content/Controls/ControlRig_Wedge_3mm.ubulk" 365
"../../../Engine/Plugins/Animation/ControlRig/Content/Controls/ControlRig_Wedge_3mm.uasset" 366
"../../../Engine/Plugins/Animation/ControlRig/Content/Controls/ControlRig_Wedge_3mm.uexp" 367
"../../../Engine/Plugins/Animation/ControlRig/Content/Controls/ControlRig_Wedge_1mm.ubulk" 368
"../../../Engine/Plugins/Animation/ControlRig/Content/Controls/ControlRig_Wedge_1mm.uasset" 369
"../../../Engine/Plugins/Animation/ControlRig/Content/Controls/ControlRig_Wedge_1mm.uexp" 370
"../../../Engine/Plugins/Animation/ControlRig/Content/Controls/ControlRig_Triangle_solid.ubulk" 371
"../../../Engine/Plugins/Animation/ControlRig/Content/Controls/ControlRig_Triangle_solid.uasset" 372
"../../../Engine/Plugins/Animation/ControlRig/Content/Controls/ControlRig_Triangle_solid.uexp" 373
"../../../Engine/Plugins/Animation/ControlRig/Content/Controls/ControlRig_Triangle_3mm.ubulk" 374
"../../../Engine/Plugins/Animation/ControlRig/Content/Controls/ControlRig_Triangle_3mm.uasset" 375
"../../../Engine/Plugins/Animation/ControlRig/Content/Controls/ControlRig_Triangle_3mm.uexp" 376
"../../../Engine/Plugins/Animation/ControlRig/Content/Controls/ControlRig_Triangle_1mm.ubulk" 377
"../../../Engine/Plugins/Animation/ControlRig/Content/Controls/ControlRig_Triangle_1mm.uasset" 378
"../../../Engine/Plugins/Animation/ControlRig/Content/Controls/ControlRig_Triangle_1mm.uexp" 379
"../../../Engine/Plugins/Animation/ControlRig/Content/Controls/ControlRig_Star4_solid.ubulk" 380
"../../../Engine/Plugins/Animation/ControlRig/Content/Controls/ControlRig_Star4_solid.uasset" 381
"../../../Engine/Plugins/Animation/ControlRig/Content/Controls/ControlRig_Star4_solid.uexp" 382
"../../../Engine/Plugins/Animation/ControlRig/Content/Controls/ControlRig_Star4_3mm.ubulk" 383
"../../../Engine/Plugins/Animation/ControlRig/Content/Controls/ControlRig_Star4_3mm.uasset" 384
"../../../Engine/Plugins/Animation/ControlRig/Content/Controls/ControlRig_Star4_3mm.uexp" 385
"../../../Engine/Plugins/Animation/ControlRig/Content/Controls/ControlRig_Star4_1mm.ubulk" 386
"../../../Engine/Plugins/Animation/ControlRig/Content/Controls/ControlRig_Star4_1mm.uasset" 387
"../../../Engine/Plugins/Animation/ControlRig/Content/Controls/ControlRig_Star4_1mm.uexp" 388
"../../../Engine/Plugins/Animation/ControlRig/Content/Controls/ControlRig_Square_solid.ubulk" 389
"../../../Engine/Plugins/Animation/ControlRig/Content/Controls/ControlRig_Square_solid.uasset" 390
"../../../Engine/Plugins/Animation/ControlRig/Content/Controls/ControlRig_Square_solid.uexp" 391
"../../../Engine/Plugins/Animation/ControlRig/Content/Controls/ControlRig_Square_3mm.ubulk" 392
"../../../Engine/Plugins/Animation/ControlRig/Content/Controls/ControlRig_Square_3mm.uasset" 393
"../../../Engine/Plugins/Animation/ControlRig/Content/Controls/ControlRig_Square_3mm.uexp" 394
"../../../Engine/Plugins/Animation/ControlRig/Content/Controls/ControlRig_Square_1mm.ubulk" 395
"../../../Engine/Plugins/Animation/ControlRig/Content/Controls/ControlRig_Square_1mm.uasset" 396
"../../../Engine/Plugins/Animation/ControlRig/Content/Controls/ControlRig_Square_1mm.uexp" 397
"../../../Engine/Plugins/Animation/ControlRig/Content/Controls/ControlRig_Sphere_solid.ubulk" 398
"../../../Engine/Plugins/Animation/ControlRig/Content/Controls/ControlRig_Sphere_solid.uasset" 399
"../../../Engine/Plugins/Animation/ControlRig/Content/Controls/ControlRig_Sphere_solid.uexp" 400
"../../../Engine/Plugins/Animation/ControlRig/Content/Controls/ControlRig_Sphere_3mm.ubulk" 401
"../../../Engine/Plugins/Animation/ControlRig/Content/Controls/ControlRig_Sphere_3mm.uasset" 402
"../../../Engine/Plugins/Animation/ControlRig/Content/Controls/ControlRig_Sphere_3mm.uexp" 403
"../../../Engine/Plugins/Animation/ControlRig/Content/Controls/ControlRig_Sphere_1mm.ubulk" 404
"../../../Engine/Plugins/Animation/ControlRig/Content/Controls/ControlRig_Sphere_1mm.uasset" 405
"../../../Engine/Plugins/Animation/ControlRig/Content/Controls/ControlRig_Sphere_1mm.uexp" 406
"../../../Engine/Plugins/Animation/ControlRig/Content/Controls/ControlRig_RoundedTriangle_solid.ubulk" 407
"../../../Engine/Plugins/Animation/ControlRig/Content/Controls/ControlRig_RoundedTriangle_solid.uasset" 408
"../../../Engine/Plugins/Animation/ControlRig/Content/Controls/ControlRig_RoundedTriangle_solid.uexp" 409
"../../../Engine/Plugins/Animation/ControlRig/Content/Controls/ControlRig_RoundedTriangle_3mm.ubulk" 410
"../../../Engine/Plugins/Animation/ControlRig/Content/Controls/ControlRig_RoundedTriangle_3mm.uasset" 411
"../../../Engine/Plugins/Animation/ControlRig/Content/Controls/ControlRig_RoundedTriangle_3mm.uexp" 412
"../../../Engine/Plugins/Animation/ControlRig/Content/Controls/ControlRig_RoundedTriangle_1mm.ubulk" 413
"../../../Engine/Plugins/Animation/ControlRig/Content/Controls/ControlRig_RoundedTriangle_1mm.uasset" 414
"../../../Engine/Plugins/Animation/ControlRig/Content/Controls/ControlRig_RoundedTriangle_1mm.uexp" 415
"../../../Engine/Plugins/Animation/ControlRig/Content/Controls/ControlRig_RoundedSquare_solid.ubulk" 416
"../../../Engine/Plugins/Animation/ControlRig/Content/Controls/ControlRig_RoundedSquare_solid.uasset" 417
"../../../Engine/Plugins/Animation/ControlRig/Content/Controls/ControlRig_RoundedSquare_solid.uexp" 418
"../../../Engine/Plugins/Animation/ControlRig/Content/Controls/ControlRig_RoundedSquare_3mm.ubulk" 419
"../../../Engine/Plugins/Animation/ControlRig/Content/Controls/ControlRig_RoundedSquare_3mm.uasset" 420
"../../../Engine/Plugins/Animation/ControlRig/Content/Controls/ControlRig_RoundedSquare_3mm.uexp" 421
"../../../Engine/Plugins/Animation/ControlRig/Content/Controls/ControlRig_RoundedSquare_1mm.ubulk" 422
"../../../Engine/Plugins/Animation/ControlRig/Content/Controls/ControlRig_RoundedSquare_1mm.uasset" 423
"../../../Engine/Plugins/Animation/ControlRig/Content/Controls/ControlRig_RoundedSquare_1mm.uexp" 424
"../../../Engine/Plugins/Animation/ControlRig/Content/Controls/ControlRig_QuarterCircle_solid.ubulk" 425
"../../../Engine/Plugins/Animation/ControlRig/Content/Controls/ControlRig_QuarterCircle_solid.uasset" 426
"../../../Engine/Plugins/Animation/ControlRig/Content/Controls/ControlRig_QuarterCircle_solid.uexp" 427
"../../../Engine/Plugins/Animation/ControlRig/Content/Controls/ControlRig_QuarterCircle_3mm.ubulk" 428
"../../../Engine/Plugins/Animation/ControlRig/Content/Controls/ControlRig_QuarterCircle_3mm.uasset" 429
"../../../Engine/Plugins/Animation/ControlRig/Content/Controls/ControlRig_QuarterCircle_3mm.uexp" 430
"../../../Engine/Plugins/Animation/ControlRig/Content/Controls/ControlRig_QuarterCircle_1mm.ubulk" 431
"../../../Engine/Plugins/Animation/ControlRig/Content/Controls/ControlRig_QuarterCircle_1mm.uasset" 432
"../../../Engine/Plugins/Animation/ControlRig/Content/Controls/ControlRig_QuarterCircle_1mm.uexp" 433
"../../../Engine/Plugins/Animation/ControlRig/Content/Controls/ControlRig_Pyramid_solid.ubulk" 434
"../../../Engine/Plugins/Animation/ControlRig/Content/Controls/ControlRig_Pyramid_solid.uasset" 435
"../../../Engine/Plugins/Animation/ControlRig/Content/Controls/ControlRig_Pyramid_solid.uexp" 436
"../../../Engine/Plugins/Animation/ControlRig/Content/Controls/ControlRig_Pyramid_3mm.ubulk" 437
"../../../Engine/Plugins/Animation/ControlRig/Content/Controls/ControlRig_Pyramid_3mm.uasset" 438
"../../../Engine/Plugins/Animation/ControlRig/Content/Controls/ControlRig_Pyramid_3mm.uexp" 439
"../../../Engine/Plugins/Animation/ControlRig/Content/Controls/ControlRig_Pyramid_1mm.ubulk" 440
"../../../Engine/Plugins/Animation/ControlRig/Content/Controls/ControlRig_Pyramid_1mm.uasset" 441
"../../../Engine/Plugins/Animation/ControlRig/Content/Controls/ControlRig_Pyramid_1mm.uexp" 442
"../../../Engine/Plugins/Animation/ControlRig/Content/Controls/ControlRig_Octagon_solid.ubulk" 443
"../../../Engine/Plugins/Animation/ControlRig/Content/Controls/ControlRig_Octagon_solid.uasset" 444
"../../../Engine/Plugins/Animation/ControlRig/Content/Controls/ControlRig_Octagon_solid.uexp" 445
"../../../Engine/Plugins/Animation/ControlRig/Content/Controls/ControlRig_Octagon_3mm.ubulk" 446
"../../../Engine/Plugins/Animation/ControlRig/Content/Controls/ControlRig_Octagon_3mm.uasset" 447
"../../../Engine/Plugins/Animation/ControlRig/Content/Controls/ControlRig_Octagon_3mm.uexp" 448
"../../../Engine/Plugins/Animation/ControlRig/Content/Controls/ControlRig_Octagon_1mm.ubulk" 449
"../../../Engine/Plugins/Animation/ControlRig/Content/Controls/ControlRig_Octagon_1mm.uasset" 450
"../../../Engine/Plugins/Animation/ControlRig/Content/Controls/ControlRig_Octagon_1mm.uexp" 451
"../../../Engine/Plugins/Animation/ControlRig/Content/Controls/ControlRig_Hexagon_solid.ubulk" 452
"../../../Engine/Plugins/Animation/ControlRig/Content/Controls/ControlRig_Hexagon_solid.uasset" 453
"../../../Engine/Plugins/Animation/ControlRig/Content/Controls/ControlRig_Hexagon_solid.uexp" 454
"../../../Engine/Plugins/Animation/ControlRig/Content/Controls/ControlRig_Hexagon_3mm.ubulk" 455
"../../../Engine/Plugins/Animation/ControlRig/Content/Controls/ControlRig_Hexagon_3mm.uasset" 456
"../../../Engine/Plugins/Animation/ControlRig/Content/Controls/ControlRig_Hexagon_3mm.uexp" 457
"../../../Engine/Plugins/Animation/ControlRig/Content/Controls/ControlRig_Hexagon_1mm.ubulk" 458
"../../../Engine/Plugins/Animation/ControlRig/Content/Controls/ControlRig_Hexagon_1mm.uasset" 459
"../../../Engine/Plugins/Animation/ControlRig/Content/Controls/ControlRig_Hexagon_1mm.uexp" 460
"../../../Engine/Plugins/Animation/ControlRig/Content/Controls/ControlRig_HalfCircle_solid.ubulk" 461
"../../../Engine/Plugins/Animation/ControlRig/Content/Controls/ControlRig_HalfCircle_solid.uasset" 462
"../../../Engine/Plugins/Animation/ControlRig/Content/Controls/ControlRig_HalfCircle_solid.uexp" 463
"../../../Engine/Plugins/Animation/ControlRig/Content/Controls/ControlRig_HalfCircle_3mm.ubulk" 464
"../../../Engine/Plugins/Animation/ControlRig/Content/Controls/ControlRig_HalfCircle_3mm.uasset" 465
"../../../Engine/Plugins/Animation/ControlRig/Content/Controls/ControlRig_HalfCircle_3mm.uexp" 466
"../../../Engine/Plugins/Animation/ControlRig/Content/Controls/ControlRig_HalfCircle_1mm.ubulk" 467
"../../../Engine/Plugins/Animation/ControlRig/Content/Controls/ControlRig_HalfCircle_1mm.uasset" 468
"../../../Engine/Plugins/Animation/ControlRig/Content/Controls/ControlRig_HalfCircle_1mm.uexp" 469
"../../../Engine/Plugins/Animation/ControlRig/Content/Controls/ControlRig_Diamond_solid.ubulk" 470
"../../../Engine/Plugins/Animation/ControlRig/Content/Controls/ControlRig_Diamond_solid.uasset" 471
"../../../Engine/Plugins/Animation/ControlRig/Content/Controls/ControlRig_Diamond_solid.uexp" 472
"../../../Engine/Plugins/Animation/ControlRig/Content/Controls/ControlRig_Diamond_3mm.ubulk" 473
"../../../Engine/Plugins/Animation/ControlRig/Content/Controls/ControlRig_Diamond_3mm.uasset" 474
"../../../Engine/Plugins/Animation/ControlRig/Content/Controls/ControlRig_Diamond_3mm.uexp" 475
"../../../Engine/Plugins/Animation/ControlRig/Content/Controls/ControlRig_Diamond_1mm.ubulk" 476
"../../../Engine/Plugins/Animation/ControlRig/Content/Controls/ControlRig_Diamond_1mm.uasset" 477
"../../../Engine/Plugins/Animation/ControlRig/Content/Controls/ControlRig_Diamond_1mm.uexp" 478
"../../../Engine/Plugins/Animation/ControlRig/Content/Controls/ControlRig_Circle_solid.ubulk" 479
"../../../Engine/Plugins/Animation/ControlRig/Content/Controls/ControlRig_Circle_solid.uasset" 480
"../../../Engine/Plugins/Animation/ControlRig/Content/Controls/ControlRig_Circle_solid.uexp" 481
"../../../Engine/Plugins/Animation/ControlRig/Content/Controls/ControlRig_Circle_3mm.ubulk" 482
"../../../Engine/Plugins/Animation/ControlRig/Content/Controls/ControlRig_Circle_3mm.uasset" 483
"../../../Engine/Plugins/Animation/ControlRig/Content/Controls/ControlRig_Circle_3mm.uexp" 484
"../../../Engine/Plugins/Animation/ControlRig/Content/Controls/ControlRig_Circle_1mm.ubulk" 485
"../../../Engine/Plugins/Animation/ControlRig/Content/Controls/ControlRig_Circle_1mm.uasset" 486
"../../../Engine/Plugins/Animation/ControlRig/Content/Controls/ControlRig_Circle_1mm.uexp" 487
"../../../Engine/Plugins/Animation/ControlRig/Content/Controls/ControlRig_Box_solid.ubulk" 488
"../../../Engine/Plugins/Animation/ControlRig/Content/Controls/ControlRig_Box_solid.uasset" 489
"../../../Engine/Plugins/Animation/ControlRig/Content/Controls/ControlRig_Box_solid.uexp" 490
"../../../Engine/Plugins/Animation/ControlRig/Content/Controls/ControlRig_Box_3mm.ubulk" 491
"../../../Engine/Plugins/Animation/ControlRig/Content/Controls/ControlRig_Box_3mm.uasset" 492
"../../../Engine/Plugins/Animation/ControlRig/Content/Controls/ControlRig_Box_3mm.uexp" 493
"../../../Engine/Plugins/Animation/ControlRig/Content/Controls/ControlRig_Box_1mm.ubulk" 494
"../../../Engine/Plugins/Animation/ControlRig/Content/Controls/ControlRig_Box_1mm.uasset" 495
"../../../Engine/Plugins/Animation/ControlRig/Content/Controls/ControlRig_Box_1mm.uexp" 496
"../../../Engine/Plugins/Animation/ControlRig/Content/Controls/ControlRig_Arrow_solid.ubulk" 497
"../../../Engine/Plugins/Animation/ControlRig/Content/Controls/ControlRig_Arrow_solid.uasset" 498
"../../../Engine/Plugins/Animation/ControlRig/Content/Controls/ControlRig_Arrow_solid.uexp" 499
"../../../Engine/Plugins/Animation/ControlRig/Content/Controls/ControlRig_Arrow_3mm.ubulk" 500
"../../../Engine/Plugins/Animation/ControlRig/Content/Controls/ControlRig_Arrow_3mm.uasset" 501
"../../../Engine/Plugins/Animation/ControlRig/Content/Controls/ControlRig_Arrow_3mm.uexp" 502
"../../../Engine/Plugins/Animation/ControlRig/Content/Controls/ControlRig_Arrow_1mm.ubulk" 503
"../../../Engine/Plugins/Animation/ControlRig/Content/Controls/ControlRig_Arrow_1mm.uasset" 504
"../../../Engine/Plugins/Animation/ControlRig/Content/Controls/ControlRig_Arrow_1mm.uexp" 505
"../../../Engine/Plugins/Animation/ControlRig/Content/Controls/ControlRig_Arrow4_solid.ubulk" 506
"../../../Engine/Plugins/Animation/ControlRig/Content/Controls/ControlRig_Arrow4_solid.uasset" 507
"../../../Engine/Plugins/Animation/ControlRig/Content/Controls/ControlRig_Arrow4_solid.uexp" 508
"../../../Engine/Plugins/Animation/ControlRig/Content/Controls/ControlRig_Arrow4_3mm.ubulk" 509
"../../../Engine/Plugins/Animation/ControlRig/Content/Controls/ControlRig_Arrow4_3mm.uasset" 510
"../../../Engine/Plugins/Animation/ControlRig/Content/Controls/ControlRig_Arrow4_3mm.uexp" 511
"../../../Engine/Plugins/Animation/ControlRig/Content/Controls/ControlRig_Arrow4_1mm.ubulk" 512
"../../../Engine/Plugins/Animation/ControlRig/Content/Controls/ControlRig_Arrow4_1mm.uasset" 513
"../../../Engine/Plugins/Animation/ControlRig/Content/Controls/ControlRig_Arrow4_1mm.uexp" 514
"../../../Engine/Plugins/Animation/ControlRig/Content/Controls/ControlRig_Arrow2_solid.ubulk" 515
"../../../Engine/Plugins/Animation/ControlRig/Content/Controls/ControlRig_Arrow2_solid.uasset" 516
"../../../Engine/Plugins/Animation/ControlRig/Content/Controls/ControlRig_Arrow2_solid.uexp" 517
"../../../Engine/Plugins/Animation/ControlRig/Content/Controls/ControlRig_Arrow2_3mm.ubulk" 518
"../../../Engine/Plugins/Animation/ControlRig/Content/Controls/ControlRig_Arrow2_3mm.uasset" 519
"../../../Engine/Plugins/Animation/ControlRig/Content/Controls/ControlRig_Arrow2_3mm.uexp" 520
"../../../Engine/Plugins/Animation/ControlRig/Content/Controls/ControlRig_Arrow2_1mm.ubulk" 521
"../../../Engine/Plugins/Animation/ControlRig/Content/Controls/ControlRig_Arrow2_1mm.uasset" 522
"../../../Engine/Plugins/Animation/ControlRig/Content/Controls/ControlRig_Arrow2_1mm.uexp" 523
"../../../Engine/Plugins/Animation/ControlRig/Content/Controls/ControlRigGizmoMaterial.uasset" 524
"../../../Engine/Plugins/Animation/ControlRig/Content/Controls/ControlRigGizmoMaterial.uexp" 525
"../../../Engine/Plugins/Editor/SpeedTreeImporter/Content/SpeedTree9/game_wind_noise.ubulk" 526
"../../../Engine/Plugins/Editor/SpeedTreeImporter/Content/SpeedTree9/game_wind_noise.uasset" 527
"../../../Engine/Plugins/Editor/SpeedTreeImporter/Content/SpeedTree9/game_wind_noise.uexp" 528
"../../../Engine/Plugins/Editor/SpeedTreeImporter/Content/SpeedTree9/UnpackDirection.uasset" 529
"../../../Engine/Plugins/Editor/SpeedTreeImporter/Content/SpeedTree9/UnpackDirection.uexp" 530
"../../../Engine/Content/Functions/Engine_MaterialFunctions02/ObjectLocalBounds.uasset" 531
"../../../Engine/Content/Functions/Engine_MaterialFunctions02/ObjectLocalBounds.uexp" 532
"../../../Engine/Content/Functions/Engine_MaterialFunctions02/UVs/BoundingBoxBased_0-1_UVW.uasset" 533
"../../../Engine/Content/Functions/Engine_MaterialFunctions02/UVs/BoundingBoxBased_0-1_UVW.uexp" 534
"../../../Engine/Content/Functions/Engine_MaterialFunctions02/Utility/VectorLength.uasset" 535
"../../../Engine/Content/Functions/Engine_MaterialFunctions02/Utility/VectorLength.uexp" 536
"../../../Engine/Plugins/Editor/SpeedTreeImporter/Content/SpeedTree9/UnpackInteger3.uasset" 537
"../../../Engine/Plugins/Editor/SpeedTreeImporter/Content/SpeedTree9/UnpackInteger3.uexp" 538
"../../../Engine/Plugins/Editor/SpeedTreeImporter/Content/SpeedTree9/SpeedTreeCameraFacing.uasset" 539
"../../../Engine/Plugins/Editor/SpeedTreeImporter/Content/SpeedTree9/SpeedTreeCameraFacing.uexp" 540
"../../../Engine/Content/Functions/Engine_MaterialFunctions02/WorldPositionOffset/ObjectScale.uasset" 541
"../../../Engine/Content/Functions/Engine_MaterialFunctions02/WorldPositionOffset/ObjectScale.uexp" 542
"../../../Engine/Content/Functions/Engine_MaterialFunctions02/SafeNormalize.uasset" 543
"../../../Engine/Content/Functions/Engine_MaterialFunctions02/SafeNormalize.uexp" 544
"../../../Engine/Plugins/Editor/SpeedTreeImporter/Content/SpeedTree9/SpeedTreeWindMotion.uasset" 545
"../../../Engine/Plugins/Editor/SpeedTreeImporter/Content/SpeedTree9/SpeedTreeWindMotion.uexp" 546
"../../../Engine/Plugins/Editor/SpeedTreeImporter/Content/SpeedTree9/SpeedTreeBranchMotion.uasset" 547
"../../../Engine/Plugins/Editor/SpeedTreeImporter/Content/SpeedTree9/SpeedTreeBranchMotion.uexp" 548
"../../../Engine/Plugins/Editor/SpeedTreeImporter/Content/SpeedTree9/SpeedTreeWind.uasset" 549
"../../../Engine/Plugins/Editor/SpeedTreeImporter/Content/SpeedTree9/SpeedTreeWind.uexp" 550
"../../../Engine/Plugins/Editor/SpeedTreeImporter/Content/SpeedTree9/EmptyNormal.uasset" 551
"../../../Engine/Plugins/Editor/SpeedTreeImporter/Content/SpeedTree9/EmptyNormal.uexp" 552
"../../../Engine/Plugins/Editor/SpeedTreeImporter/Content/SpeedTree9/Empty.uasset" 553
"../../../Engine/Plugins/Editor/SpeedTreeImporter/Content/SpeedTree9/Empty.uexp" 554
"../../../Engine/Plugins/Editor/SpeedTreeImporter/Content/SpeedTree9/SpeedTreeMaster.uasset" 555
"../../../Engine/Plugins/Editor/SpeedTreeImporter/Content/SpeedTree9/SpeedTreeMaster.uexp" 556
"../../../Engine/Plugins/Editor/SpeedTreeImporter/Content/SpeedTree9/SpeedTreeBillboard.uasset" 557
"../../../Engine/Plugins/Editor/SpeedTreeImporter/Content/SpeedTree9/SpeedTreeBillboard.uexp" 558
"../../../Engine/Plugins/Editor/SpeedTreeImporter/Content/SpeedTree9/SpeedTreeBillboardMaster.uasset" 559
"../../../Engine/Plugins/Editor/SpeedTreeImporter/Content/SpeedTree9/SpeedTreeBillboardMaster.uexp" 560
"../../../Engine/Plugins/Runtime/HairStrands/Content/Materials/HairMeshesDefaultMaterial.uasset" 561
"../../../Engine/Plugins/Runtime/HairStrands/Content/Materials/HairMeshesDefaultMaterial.uexp" 562
"../../../Engine/Plugins/Runtime/HairStrands/Content/Materials/HairDefaultMaterial.uasset" 563
"../../../Engine/Plugins/Runtime/HairStrands/Content/Materials/HairDefaultMaterial.uexp" 564
"../../../Engine/Plugins/Runtime/HairStrands/Content/Materials/HairGroupColors.uasset" 565
"../../../Engine/Plugins/Runtime/HairStrands/Content/Materials/HairGroupColors.uexp" 566
"../../../Engine/Content/EngineMaterials/HairColorMap.uasset" 567
"../../../Engine/Content/EngineMaterials/HairColorMap.uexp" 568
"../../../Engine/Content/EngineMaterials/HairDebugColor.uasset" 569
"../../../Engine/Content/EngineMaterials/HairDebugColor.uexp" 570
"../../../Engine/Plugins/Runtime/HairStrands/Content/Materials/HairDebugMaterial.uasset" 571
"../../../Engine/Plugins/Runtime/HairStrands/Content/Materials/HairDebugMaterial.uexp" 572
"../../../Engine/Plugins/Runtime/HairStrands/Content/Materials/HairCardsDefaultMaterial.uasset" 573
"../../../Engine/Plugins/Runtime/HairStrands/Content/Materials/HairCardsDefaultMaterial.uexp" 574
"../../../Engine/Content/Functions/Engine_MaterialFunctions02/Utility/BlendAngleCorrectedNormals.uasset" 575
"../../../Engine/Content/Functions/Engine_MaterialFunctions02/Utility/BlendAngleCorrectedNormals.uexp" 576
"../../../Engine/Content/Functions/MaterialLayerFunctions/MatLayerBlend_NormalBlend.uasset" 577
"../../../Engine/Content/Functions/MaterialLayerFunctions/MatLayerBlend_NormalBlend.uexp" 578
"C:/Users/jts0y/Documents/Unreal Projects/EscapeGame/Content/FirstPersonArms/Character/Materials/MaterialLayers/T_ML_Rubber_Blue_01_N.ubulk" 579
"C:/Users/jts0y/Documents/Unreal Projects/EscapeGame/Content/FirstPersonArms/Character/Materials/MaterialLayers/T_ML_Rubber_Blue_01_N.uasset" 580
"C:/Users/jts0y/Documents/Unreal Projects/EscapeGame/Content/FirstPersonArms/Character/Materials/MaterialLayers/T_ML_Rubber_Blue_01_N.uexp" 581
"C:/Users/jts0y/Documents/Unreal Projects/EscapeGame/Content/FirstPersonArms/Character/Materials/MaterialLayers/T_ML_Rubber_Blue_01_D.ubulk" 582
"C:/Users/jts0y/Documents/Unreal Projects/EscapeGame/Content/FirstPersonArms/Character/Materials/MaterialLayers/T_ML_Rubber_Blue_01_D.uasset" 583
"C:/Users/jts0y/Documents/Unreal Projects/EscapeGame/Content/FirstPersonArms/Character/Materials/MaterialLayers/T_ML_Rubber_Blue_01_D.uexp" 584
"C:/Users/jts0y/Documents/Unreal Projects/EscapeGame/Content/FirstPersonArms/Character/Materials/MaterialLayers/ML_GlossyBlack_Latex_UE4.uasset" 585
"C:/Users/jts0y/Documents/Unreal Projects/EscapeGame/Content/FirstPersonArms/Character/Materials/MaterialLayers/ML_GlossyBlack_Latex_UE4.uexp" 586
"C:/Users/jts0y/Documents/Unreal Projects/EscapeGame/Content/FirstPersonArms/Character/Textures/UE4_Mannequin_MAT_MASKA.ubulk" 587
"C:/Users/jts0y/Documents/Unreal Projects/EscapeGame/Content/FirstPersonArms/Character/Textures/UE4_Mannequin_MAT_MASKA.uasset" 588
"C:/Users/jts0y/Documents/Unreal Projects/EscapeGame/Content/FirstPersonArms/Character/Textures/UE4_Mannequin_MAT_MASKA.uexp" 589
"C:/Users/jts0y/Documents/Unreal Projects/EscapeGame/Content/FirstPersonArms/Character/Textures/UE4_LOGO_CARD.ubulk" 590
"C:/Users/jts0y/Documents/Unreal Projects/EscapeGame/Content/FirstPersonArms/Character/Textures/UE4_LOGO_CARD.uasset" 591
"C:/Users/jts0y/Documents/Unreal Projects/EscapeGame/Content/FirstPersonArms/Character/Textures/UE4_LOGO_CARD.uexp" 592
"C:/Users/jts0y/Documents/Unreal Projects/EscapeGame/Content/FirstPersonArms/Character/Materials/MaterialLayers/ML_Plastic_Shiny_Beige_LOGO.uasset" 593
"C:/Users/jts0y/Documents/Unreal Projects/EscapeGame/Content/FirstPersonArms/Character/Materials/MaterialLayers/ML_Plastic_Shiny_Beige_LOGO.uexp" 594
"../../../Engine/Content/Functions/MaterialLayerFunctions/MatLayerBlend_Simple.uasset" 595
"../../../Engine/Content/Functions/MaterialLayerFunctions/MatLayerBlend_Simple.uexp" 596
"C:/Users/jts0y/Documents/Unreal Projects/EscapeGame/Content/FirstPersonArms/Character/Materials/MaterialLayers/T_ML_Aluminum01.ubulk" 597
"C:/Users/jts0y/Documents/Unreal Projects/EscapeGame/Content/FirstPersonArms/Character/Materials/MaterialLayers/T_ML_Aluminum01.uasset" 598
"C:/Users/jts0y/Documents/Unreal Projects/EscapeGame/Content/FirstPersonArms/Character/Materials/MaterialLayers/T_ML_Aluminum01.uexp" 599
"C:/Users/jts0y/Documents/Unreal Projects/EscapeGame/Content/FirstPersonArms/Character/Materials/MaterialLayers/T_ML_Aluminum01_N.ubulk" 600
"C:/Users/jts0y/Documents/Unreal Projects/EscapeGame/Content/FirstPersonArms/Character/Materials/MaterialLayers/T_ML_Aluminum01_N.uasset" 601
"C:/Users/jts0y/Documents/Unreal Projects/EscapeGame/Content/FirstPersonArms/Character/Materials/MaterialLayers/T_ML_Aluminum01_N.uexp" 602
"C:/Users/jts0y/Documents/Unreal Projects/EscapeGame/Content/FirstPersonArms/Character/Materials/MaterialLayers/ML_SoftMetal_UE4.uasset" 603
"C:/Users/jts0y/Documents/Unreal Projects/EscapeGame/Content/FirstPersonArms/Character/Materials/MaterialLayers/ML_SoftMetal_UE4.uexp" 604
"C:/Users/jts0y/Documents/Unreal Projects/EscapeGame/Content/FirstPersonArms/Character/Materials/MaterialLayers/ML_Plastic_Shiny_Beige.uasset" 605
"C:/Users/jts0y/Documents/Unreal Projects/EscapeGame/Content/FirstPersonArms/Character/Materials/MaterialLayers/ML_Plastic_Shiny_Beige.uexp" 606
"C:/Users/jts0y/Documents/Unreal Projects/EscapeGame/Content/FirstPersonArms/Character/Textures/UE4_Mannequin__normals.ubulk" 607
"C:/Users/jts0y/Documents/Unreal Projects/EscapeGame/Content/FirstPersonArms/Character/Textures/UE4_Mannequin__normals.uasset" 608
"C:/Users/jts0y/Documents/Unreal Projects/EscapeGame/Content/FirstPersonArms/Character/Textures/UE4_Mannequin__normals.uexp" 609
"C:/Users/jts0y/Documents/Unreal Projects/EscapeGame/Content/FirstPersonArms/Character/Materials/M_UE4Man_Body.uasset" 610
"C:/Users/jts0y/Documents/Unreal Projects/EscapeGame/Content/FirstPersonArms/Character/Materials/M_UE4Man_Body.uexp" 611
"C:/Users/jts0y/Documents/Unreal Projects/EscapeGame/Content/FirstPersonArms/Character/Mesh/SK_Mannequin_Arms_PhysicsAsset.uasset" 612
"C:/Users/jts0y/Documents/Unreal Projects/EscapeGame/Content/FirstPersonArms/Character/Mesh/SK_Mannequin_Arms_PhysicsAsset.uexp" 613
"C:/Users/jts0y/Documents/Unreal Projects/EscapeGame/Content/FirstPersonArms/Character/Mesh/SK_Mannequin_Arms_Skeleton.uasset" 614
"C:/Users/jts0y/Documents/Unreal Projects/EscapeGame/Content/FirstPersonArms/Character/Mesh/SK_Mannequin_Arms_Skeleton.uexp" 615
"C:/Users/jts0y/Documents/Unreal Projects/EscapeGame/Content/FirstPersonArms/Character/Mesh/SK_Mannequin_Arms.uasset" 616
"C:/Users/jts0y/Documents/Unreal Projects/EscapeGame/Content/FirstPersonArms/Character/Mesh/SK_Mannequin_Arms.uexp" 617
"../../../Engine/Content/Animation/DefaultAnimCurveCompressionSettings.uasset" 618
"../../../Engine/Content/Animation/DefaultAnimCurveCompressionSettings.uexp" 619
"../../../Engine/Content/Animation/DefaultAnimBoneCompressionSettings.uasset" 620
"../../../Engine/Content/Animation/DefaultAnimBoneCompressionSettings.uexp" 621
"C:/Users/jts0y/Documents/Unreal Projects/EscapeGame/Content/FirstPersonArms/Animations/FirstPerson_JumpLoop.uasset" 622
"C:/Users/jts0y/Documents/Unreal Projects/EscapeGame/Content/FirstPersonArms/Animations/FirstPerson_JumpLoop.uexp" 623
"C:/Users/jts0y/Documents/Unreal Projects/EscapeGame/Content/FirstPersonArms/Animations/FirstPerson_Run.uasset" 624
"C:/Users/jts0y/Documents/Unreal Projects/EscapeGame/Content/FirstPersonArms/Animations/FirstPerson_Run.uexp" 625
"C:/Users/jts0y/Documents/Unreal Projects/EscapeGame/Content/FirstPersonArms/Animations/FirstPerson_JumpEnd.uasset" 626
"C:/Users/jts0y/Documents/Unreal Projects/EscapeGame/Content/FirstPersonArms/Animations/FirstPerson_JumpEnd.uexp" 627
"C:/Users/jts0y/Documents/Unreal Projects/EscapeGame/Content/FirstPersonArms/Animations/FirstPerson_Idle.uasset" 628
"C:/Users/jts0y/Documents/Unreal Projects/EscapeGame/Content/FirstPersonArms/Animations/FirstPerson_Idle.uexp" 629
"C:/Users/jts0y/Documents/Unreal Projects/EscapeGame/Content/FirstPersonArms/Animations/FirstPerson_JumpStart.uasset" 630
"C:/Users/jts0y/Documents/Unreal Projects/EscapeGame/Content/FirstPersonArms/Animations/FirstPerson_JumpStart.uexp" 631
"../../../Engine/Content/EditorBlueprintResources/StandardMacros.uasset" 632
"../../../Engine/Content/EditorBlueprintResources/StandardMacros.uexp" 633
"C:/Users/jts0y/Documents/Unreal Projects/EscapeGame/Content/FirstPersonArms/Animations/FirstPerson_AnimBP.uasset" 634
"C:/Users/jts0y/Documents/Unreal Projects/EscapeGame/Content/FirstPersonArms/Animations/FirstPerson_AnimBP.uexp" 635
"C:/Users/jts0y/Documents/Unreal Projects/EscapeGame/Content/FirstPerson/Blueprints/BP_FirstPersonCharacter.uasset" 636
"C:/Users/jts0y/Documents/Unreal Projects/EscapeGame/Content/FirstPerson/Blueprints/BP_FirstPersonCharacter.uexp" 637
"C:/Users/jts0y/Documents/Unreal Projects/EscapeGame/Content/FirstPerson/Blueprints/BP_FirstPersonGameMode.uasset" 638
"C:/Users/jts0y/Documents/Unreal Projects/EscapeGame/Content/FirstPerson/Blueprints/BP_FirstPersonGameMode.uexp" 639
"C:/Users/jts0y/Documents/Unreal Projects/EscapeGame/Content/StarterContent/Materials/M_Basic_Wall.uasset" 640
"C:/Users/jts0y/Documents/Unreal Projects/EscapeGame/Content/StarterContent/Materials/M_Basic_Wall.uexp" 641
"C:/Users/jts0y/Documents/Unreal Projects/EscapeGame/Content/StarterContent/Architecture/Wall_400x400.ubulk" 642
"C:/Users/jts0y/Documents/Unreal Projects/EscapeGame/Content/StarterContent/Architecture/Wall_400x400.uasset" 643
"C:/Users/jts0y/Documents/Unreal Projects/EscapeGame/Content/StarterContent/Architecture/Wall_400x400.uexp" 644
"C:/Users/jts0y/Documents/Unreal Projects/EscapeGame/Content/StarterContent/Materials/M_Basic_Floor.uasset" 645
"C:/Users/jts0y/Documents/Unreal Projects/EscapeGame/Content/StarterContent/Materials/M_Basic_Floor.uexp" 646
"C:/Users/jts0y/Documents/Unreal Projects/EscapeGame/Content/StarterContent/Architecture/Floor_400x400.ubulk" 647
"C:/Users/jts0y/Documents/Unreal Projects/EscapeGame/Content/StarterContent/Architecture/Floor_400x400.uasset" 648
"C:/Users/jts0y/Documents/Unreal Projects/EscapeGame/Content/StarterContent/Architecture/Floor_400x400.uexp" 649
"../../../Engine/Content/Maps/Entry_BuiltData.uasset" 650
"../../../Engine/Content/Maps/Entry_BuiltData.uexp" 651
"../../../Engine/Content/Maps/Entry.uexp" 652
"../../../Engine/Content/Maps/Entry.umap" 653
"C:/Users/jts0y/Documents/Unreal Projects/EscapeGame/Content/FirstPerson/Maps/EscapeGame_WP.uexp" 654
"C:/Users/jts0y/Documents/Unreal Projects/EscapeGame/Content/FirstPerson/Maps/EscapeGame_WP.umap" 655
"C:/Users/jts0y/Documents/Unreal Projects/EscapeGame/Content/FirstPerson/Maps/EscapeGame_WP/_Generated_/EscapeGame_WP_MainGrid_L2_X0_Y0_DL0.uexp" 656
"C:/Users/jts0y/Documents/Unreal Projects/EscapeGame/Content/FirstPerson/Maps/EscapeGame_WP/_Generated_/EscapeGame_WP_MainGrid_L2_X0_Y0_DL0.umap" 657
"C:/Users/jts0y/Documents/Unreal Projects/EscapeGame/Content/FirstPerson/Maps/EscapeGame_WP/_Generated_/EscapeGame_WP_MainGrid_L1_X-1_Y-1_DL0.uexp" 658
"C:/Users/jts0y/Documents/Unreal Projects/EscapeGame/Content/FirstPerson/Maps/EscapeGame_WP/_Generated_/EscapeGame_WP_MainGrid_L1_X-1_Y-1_DL0.umap" 659
"C:/Users/jts0y/Documents/Unreal Projects/EscapeGame/Content/FirstPerson/Maps/EscapeGame_WP/_Generated_/EscapeGame_WP_MainGrid_L1_X0_Y0_DL0.uexp" 660
"C:/Users/jts0y/Documents/Unreal Projects/EscapeGame/Content/FirstPerson/Maps/EscapeGame_WP/_Generated_/EscapeGame_WP_MainGrid_L1_X0_Y0_DL0.umap" 661
"C:/Users/jts0y/Documents/Unreal Projects/EscapeGame/Content/FirstPerson/Maps/EscapeGame_WP/_Generated_/EscapeGame_WP_MainGrid_L1_X-1_Y0_DL0.uexp" 662
"C:/Users/jts0y/Documents/Unreal Projects/EscapeGame/Content/FirstPerson/Maps/EscapeGame_WP/_Generated_/EscapeGame_WP_MainGrid_L1_X-1_Y0_DL0.umap" 663
"C:/Users/jts0y/Documents/Unreal Projects/EscapeGame/Content/FirstPerson/Maps/EscapeGame_WP/_Generated_/EscapeGame_WP_MainGrid_L1_X0_Y-1_DL0.uexp" 664
"C:/Users/jts0y/Documents/Unreal Projects/EscapeGame/Content/FirstPerson/Maps/EscapeGame_WP/_Generated_/EscapeGame_WP_MainGrid_L1_X0_Y-1_DL0.umap" 665
"C:/Users/jts0y/Documents/Unreal Projects/EscapeGame/Content/FirstPerson/Maps/EscapeGame_WP/_Generated_/EscapeGame_WP_MainGrid_L0_X-1_Y-2_DL0.uexp" 666
"C:/Users/jts0y/Documents/Unreal Projects/EscapeGame/Content/FirstPerson/Maps/EscapeGame_WP/_Generated_/EscapeGame_WP_MainGrid_L0_X-1_Y-2_DL0.umap" 667
"C:/Users/jts0y/Documents/Unreal Projects/EscapeGame/Content/FirstPerson/Maps/EscapeGame_WP/_Generated_/EscapeGame_WP_MainGrid_L0_X1_Y-2_DL0.uexp" 668
"C:/Users/jts0y/Documents/Unreal Projects/EscapeGame/Content/FirstPerson/Maps/EscapeGame_WP/_Generated_/EscapeGame_WP_MainGrid_L0_X1_Y-2_DL0.umap" 669
"C:/Users/jts0y/Documents/Unreal Projects/EscapeGame/Content/FirstPerson/Maps/EscapeGame_WP/_Generated_/EscapeGame_WP_MainGrid_L0_X1_Y1_DL0.uexp" 670
"C:/Users/jts0y/Documents/Unreal Projects/EscapeGame/Content/FirstPerson/Maps/EscapeGame_WP/_Generated_/EscapeGame_WP_MainGrid_L0_X1_Y1_DL0.umap" 671
"C:/Users/jts0y/Documents/Unreal Projects/EscapeGame/Content/FirstPerson/Maps/EscapeGame_WP/_Generated_/EscapeGame_WP_MainGrid_L0_X0_Y-2_DL0.uexp" 672
"C:/Users/jts0y/Documents/Unreal Projects/EscapeGame/Content/FirstPerson/Maps/EscapeGame_WP/_Generated_/EscapeGame_WP_MainGrid_L0_X0_Y-2_DL0.umap" 673
"C:/Users/jts0y/Documents/Unreal Projects/EscapeGame/Content/FirstPerson/Maps/EscapeGame_WP/_Generated_/EscapeGame_WP_MainGrid_L0_X0_Y2_DL0.uexp" 674
"C:/Users/jts0y/Documents/Unreal Projects/EscapeGame/Content/FirstPerson/Maps/EscapeGame_WP/_Generated_/EscapeGame_WP_MainGrid_L0_X0_Y2_DL0.umap" 675
"C:/Users/jts0y/Documents/Unreal Projects/EscapeGame/Content/FirstPerson/Maps/EscapeGame_WP/_Generated_/EscapeGame_WP_MainGrid_L0_X1_Y0_DL0.uexp" 676
"C:/Users/jts0y/Documents/Unreal Projects/EscapeGame/Content/FirstPerson/Maps/EscapeGame_WP/_Generated_/EscapeGame_WP_MainGrid_L0_X1_Y0_DL0.umap" 677
"C:/Users/jts0y/Documents/Unreal Projects/EscapeGame/Content/FirstPerson/Maps/EscapeGame_WP/_Generated_/EscapeGame_WP_MainGrid_L0_X-1_Y0_DL0.uexp" 678
"C:/Users/jts0y/Documents/Unreal Projects/EscapeGame/Content/FirstPerson/Maps/EscapeGame_WP/_Generated_/EscapeGame_WP_MainGrid_L0_X-1_Y0_DL0.umap" 679
"C:/Users/jts0y/Documents/Unreal Projects/EscapeGame/Content/FirstPerson/Maps/EscapeGame_WP/_Generated_/EscapeGame_WP_MainGrid_L0_X1_Y-1_DL0.uexp" 680
"C:/Users/jts0y/Documents/Unreal Projects/EscapeGame/Content/FirstPerson/Maps/EscapeGame_WP/_Generated_/EscapeGame_WP_MainGrid_L0_X1_Y-1_DL0.umap" 681
"C:/Users/jts0y/Documents/Unreal Projects/EscapeGame/Content/FirstPerson/Maps/EscapeGame_WP/_Generated_/EscapeGame_WP_MainGrid_L0_X0_Y1_DL0.uexp" 682
"C:/Users/jts0y/Documents/Unreal Projects/EscapeGame/Content/FirstPerson/Maps/EscapeGame_WP/_Generated_/EscapeGame_WP_MainGrid_L0_X0_Y1_DL0.umap" 683
"C:/Users/jts0y/Documents/Unreal Projects/EscapeGame/Content/FirstPerson/Maps/EscapeGame_WP/_Generated_/EscapeGame_WP_MainGrid_L0_X-1_Y-1_DL0.uexp" 684
"C:/Users/jts0y/Documents/Unreal Projects/EscapeGame/Content/FirstPerson/Maps/EscapeGame_WP/_Generated_/EscapeGame_WP_MainGrid_L0_X-1_Y-1_DL0.umap" 685
"C:/Users/jts0y/Documents/Unreal Projects/EscapeGame/Content/FirstPerson/Maps/EscapeGame_WP/_Generated_/EscapeGame_WP_MainGrid_L0_X-1_Y1_DL0.uexp" 686
"C:/Users/jts0y/Documents/Unreal Projects/EscapeGame/Content/FirstPerson/Maps/EscapeGame_WP/_Generated_/EscapeGame_WP_MainGrid_L0_X-1_Y1_DL0.umap" 687
"C:/Users/jts0y/Documents/Unreal Projects/EscapeGame/Content/FirstPerson/Maps/EscapeGame_WP/_Generated_/EscapeGame_WP_MainGrid_L0_X0_Y-1_DL0.uexp" 688
"C:/Users/jts0y/Documents/Unreal Projects/EscapeGame/Content/FirstPerson/Maps/EscapeGame_WP/_Generated_/EscapeGame_WP_MainGrid_L0_X0_Y-1_DL0.umap" 689
"C:/Users/jts0y/Documents/Unreal Projects/EscapeGame/Content/FirstPerson/Maps/EscapeGame_WP/_Generated_/EscapeGame_WP_MainGrid_L0_X0_Y0_DL0.uexp" 690
"C:/Users/jts0y/Documents/Unreal Projects/EscapeGame/Content/FirstPerson/Maps/EscapeGame_WP/_Generated_/EscapeGame_WP_MainGrid_L0_X0_Y0_DL0.umap" 691
